practice/build/app/intermediates/manifest_merge_blame_file/debug/manifest-merger-blame-debug-report.txt
1<?xml version="1.0" encoding="utf-8"?>
2<manifest xmlns:android="http://schemas.android.com/apk/res/android"
3    package="com.example.practice"
4    android:versionCode="1"
5    android:versionName="1.0.0" >
6
7    <uses-sdk
8        android:minSdkVersion="19"
9        android:targetSdkVersion="33" />
10    <!--
11         The INTERNET permission is required for development. Specifically,
12         the Flutter tool needs it to communicate with the running application
13         to allow setting breakpoints, to provide hot reload, etc.
14    -->
15    <uses-permission android:name="android.permission.INTERNET" />
15-->src\debug\AndroidManifest.xml:6:5-66
15-->src\debug\AndroidManifest.xml:6:22-64
16    <uses-permission android:name="android.permission.READ_CONTACTS" />
16-->src\main\AndroidManifest.xml:2:5-72
16-->src\main\AndroidManifest.xml:2:22-69
17    <uses-permission android:name="android.permission.CAMERA" />
17-->[:flutter_barcode_scanner] AndroidManifest.xml:9:5-65
17-->[:flutter_barcode_scanner] AndroidManifest.xml:9:22-62
18
19    <uses-feature android:name="android.hardware.camera" />
19-->[:flutter_barcode_scanner] AndroidManifest.xml:11:5-60
19-->[:flutter_barcode_scanner] AndroidManifest.xml:11:19-57
20
21    <uses-permission android:name="android.permission.FLASHLIGHT" />
21-->[:flutter_barcode_scanner] AndroidManifest.xml:13:5-69
21-->[:flutter_barcode_scanner] AndroidManifest.xml:13:22-66
22
23    <queries>
23-->[:contacts_service] AndroidManifest.xml:9:5-22:15
24        <intent>
24-->[:contacts_service] AndroidManifest.xml:10:9-12:18
25            <action android:name="android.accounts.AccountAuthenticator" />
25-->[:contacts_service] AndroidManifest.xml:11:13-76
25-->[:contacts_service] AndroidManifest.xml:11:21-73
26        </intent>
27        <!-- Allows the app to load an icon corresponding to the custom MIME type. -->
28        <intent>
28-->[:contacts_service] AndroidManifest.xml:14:9-21:18
29            <action android:name="android.intent.action.VIEW" />
29-->[:contacts_service] AndroidManifest.xml:15:13-65
29-->[:contacts_service] AndroidManifest.xml:15:21-62
30
31            <data
31-->[:contacts_service] AndroidManifest.xml:17:13-20:44
32                android:host="com.android.contacts"
32-->[:contacts_service] AndroidManifest.xml:18:17-52
33                android:mimeType="vnd.android.cursor.item/*"
33-->[:contacts_service] AndroidManifest.xml:19:17-61
34                android:scheme="content" />
34-->[:contacts_service] AndroidManifest.xml:20:17-41
35        </intent>
36    </queries>
37
38    <application
39        android:name="android.app.Application"
40        android:appComponentFactory="androidx.core.app.CoreComponentFactory"
40-->[androidx.core:core:1.6.0] AndroidManifest.xml:24:18-86
41        android:debuggable="true"
42        android:icon="@mipmap/ic_launcher"
43        android:label="practice"
44        android:largeHeap="true"
44-->[:flutter_barcode_scanner] AndroidManifest.xml:16:9-33
45        android:theme="@style/Theme.AppCompat.NoActionBar" >
45-->[:flutter_barcode_scanner] AndroidManifest.xml:17:9-59
46        <activity
47            android:name="com.example.practice.MainActivity"
48            android:configChanges="orientation|keyboardHidden|keyboard|screenSize|smallestScreenSize|locale|layoutDirection|fontScale|screenLayout|density|uiMode"
49            android:exported="true"
50            android:hardwareAccelerated="true"
51            android:launchMode="singleTop"
52            android:theme="@style/LaunchTheme"
53            android:windowSoftInputMode="adjustResize" >
54
55            <!--
56                 Specifies an Android theme to apply to this Activity as soon as
57                 the Android process has started. This theme is visible to the user
58                 while the Flutter UI initializes. After that, this theme continues
59                 to determine the Window background behind the Flutter UI.
60            -->
61            <meta-data
62                android:name="io.flutter.embedding.android.NormalTheme"
63                android:resource="@style/NormalTheme" />
64
65            <intent-filter>
66                <action android:name="android.intent.action.MAIN" />
67
68                <category android:name="android.intent.category.LAUNCHER" />
69            </intent-filter>
70        </activity>
71        <!--
72             Don't delete the meta-data below.
73             This is used by the Flutter tool to generate GeneratedPluginRegistrant.java
74        -->
75        <meta-data
76            android:name="flutterEmbedding"
77            android:value="2" />
78
79        <activity android:name="com.amolg.flutterbarcodescanner.BarcodeCaptureActivity" />
79-->[:flutter_barcode_scanner] AndroidManifest.xml:18:9-91
79-->[:flutter_barcode_scanner] AndroidManifest.xml:18:19-88
80
81        <uses-library
81-->[androidx.window:window:1.0.0-beta04] AndroidManifest.xml:25:9-27:40
82            android:name="androidx.window.extensions"
82-->[androidx.window:window:1.0.0-beta04] AndroidManifest.xml:26:13-54
83            android:required="false" />
83-->[androidx.window:window:1.0.0-beta04] AndroidManifest.xml:27:13-37
84        <uses-library
84-->[androidx.window:window:1.0.0-beta04] AndroidManifest.xml:28:9-30:40
85            android:name="androidx.window.sidecar"
85-->[androidx.window:window:1.0.0-beta04] AndroidManifest.xml:29:13-51
86            android:required="false" />
86-->[androidx.window:window:1.0.0-beta04] AndroidManifest.xml:30:13-37
87
88        <activity
88-->[com.google.android.gms:play-services-base:17.4.0] AndroidManifest.xml:23:9-26:75
89            android:name="com.google.android.gms.common.api.GoogleApiActivity"
89-->[com.google.android.gms:play-services-base:17.4.0] AndroidManifest.xml:24:13-79
90            android:exported="false"
90-->[com.google.android.gms:play-services-base:17.4.0] AndroidManifest.xml:25:13-37
91            android:theme="@android:style/Theme.Translucent.NoTitleBar" />
91-->[com.google.android.gms:play-services-base:17.4.0] AndroidManifest.xml:26:13-72
92
93        <meta-data
93-->[com.google.android.gms:play-services-basement:17.4.0] AndroidManifest.xml:23:9-25:69
94            android:name="com.google.android.gms.version"
94-->[com.google.android.gms:play-services-basement:17.4.0] AndroidManifest.xml:24:13-58
95            android:value="@integer/google_play_services_version" />
95-->[com.google.android.gms:play-services-basement:17.4.0] AndroidManifest.xml:25:13-66
96    </application>
97
98</manifest>